[2025-12-30 17:40:11] Are we portable? false
[2025-12-30 17:40:11] Starting Dorion version v6.11.0
[2025-12-30 17:40:11] Opening Discord default
[2025-12-30 17:40:12] Joining (load_mods_js)...
[2025-12-30 17:40:13] Joining (load_mods_js)...
[2025-12-30 17:40:13] Plugins updated
[2025-12-30 17:40:13] Extensions are unsupported on non-Windows platforms!
[2025-12-30 17:40:13] Loading plugins...
[2025-12-30 17:40:13] Preload only: true
[2025-12-30 17:40:13] Starting OS accent subscriber...
[2025-12-30 17:40:13] Starting global keybind watcher...
[2025-12-30 17:40:13] Accent color changed None
[2025-12-30 17:40:13] Autolaunch enabled: false
[2025-12-30 17:40:13] Loading plugins...
[2025-12-30 17:40:13] Preload only: false
[2025-12-30 17:40:14] Joining (load_mods_css)...
[2025-12-30 17:40:14] Getting: catppuccin.github.io/discord/dist/catppuccin-mocha.theme.css
[2025-12-30 17:40:15] Joining (localize_imports)...
[2025-12-30 17:40:15] Replacing URL: @import url("https://catppuccin.github.io/discord/dist/catppuccin-mocha.theme.css"); with CSS that is 91756 characters long
[2025-12-30 17:40:19] Setting notification count: 0
[2025-12-30 17:40:19] Setting tray icon to default
[2025-12-30 17:40:19] PTT enabled: "{\"state\":false}"
[2025-12-30 17:40:19] Checking for updates...
[2025-12-30 17:40:19] Checking for updates...
[2025-12-30 17:40:19] Setting notification count: 5
[2025-12-30 17:40:19] Setting tray icon to unread
[2025-12-30 17:40:19] Setting notification count: 5
[2025-12-30 17:40:19] Setting tray icon to unread
